<?xml version="1.0" encoding="UTF-8"?>
<!-- Generated by org.testng.reporters.JUnitXMLReporter -->
<testsuite ignored="0" hostname="Aakashs-MacBook-Air.local" failures="1" tests="6" name="Test" time="11.83" errors="0" timestamp="2023-06-21T17:26:13 IST">
  <testcase classname="loginpageTest.LandingPageTest" name="Loginwithaadhar" time="0.015"/>
  <testcase classname="loginpageTest.LandingPageTest" name="launchURL" time="9.659"/>
  <testcase classname="loginpageTest.LandingPageTest" name="ValidatePageTitle" time="0.181">
    <failure type="java.lang.AssertionError" message="expected [पासबुक ] but found [पासवृक]">
      <![CDATA[java.lang.AssertionError: expected [पासबुक ] but found [पासवृक]
at loginpageTest.LandingPageTest.ValidatePageTitle(LandingPageTest.java:33)
at java.base/java.util.ArrayList.forEach(ArrayList.java:1511)
... Removed 30 stack frames]]>
    </failure>
  </testcase> <!-- ValidatePageTitle -->
  <testcase classname="loginpageTest.LandingPageTest" name="verifyCmUpLogo" time="0.233"/>
  <testcase classname="loginpageTest.LandingPageTest" name="verifyGovtLogoIsdisplay" time="0.472"/>
  <testcase classname="loginpageTest.LandingPageTest" name="familyIdImage" time="0.143"/>
</testsuite> <!-- Test -->
