<?xml version="1.0" encoding="UTF-8"?>
<testng-results ignored="0" total="6" passed="5" failed="1" skipped="0">
  <reporter-output>
  </reporter-output>
  <suite started-at="2023-06-21T17:26:01 IST" name="Test Suite" finished-at="2023-06-21T17:26:13 IST" duration-ms="11830">
    <groups>
    </groups>
    <test started-at="2023-06-21T17:26:01 IST" name="Test" finished-at="2023-06-21T17:26:13 IST" duration-ms="11830">
      <class name="loginpageTest.LandingPageTest">
        <test-method signature="Loginwithaadhar()[pri:0, instance:loginpageTest.LandingPageTest@942a29c]" started-at="2023-06-21T17:26:01 IST" name="Loginwithaadhar" finished-at="2023-06-21T17:26:01 IST" duration-ms="15" status="PASS">
          <reporter-output>
          </reporter-output>
        </test-method> <!-- Loginwithaadhar -->
        <test-method signature="launchURL()[pri:1, instance:loginpageTest.LandingPageTest@942a29c]" started-at="2023-06-21T17:26:01 IST" name="launchURL" finished-at="2023-06-21T17:26:11 IST" duration-ms="9659" status="PASS">
          <reporter-output>
          </reporter-output>
        </test-method> <!-- launchURL -->
        <test-method signature="ValidatePageTitle()[pri:2, instance:loginpageTest.LandingPageTest@942a29c]" started-at="2023-06-21T17:26:11 IST" name="ValidatePageTitle" finished-at="2023-06-21T17:26:11 IST" duration-ms="181" status="FAIL">
          <exception class="java.lang.AssertionError">
            <message>
              <![CDATA[expected [पासबुक ] but found [पासवृक]]]>
            </message>
            <full-stacktrace>
              <![CDATA[java.lang.AssertionError: expected [पासबुक ] but found [पासवृक]
at org.testng.Assert.fail(Assert.java:97)
at org.testng.Assert.assertEqualsImpl(Assert.java:136)
at org.testng.Assert.assertEquals(Assert.java:118)
at org.testng.Assert.assertEquals(Assert.java:575)
at org.testng.Assert.assertEquals(Assert.java:585)
at loginpageTest.LandingPageTest.ValidatePageTitle(LandingPageTest.java:33)
at java.base/jdk.internal.reflect.DirectMethodHandleAccessor.invoke(DirectMethodHandleAccessor.java:104)
at java.base/java.lang.reflect.Method.invoke(Method.java:578)
at org.testng.internal.MethodInvocationHelper.invokeMethod(MethodInvocationHelper.java:134)
at org.testng.internal.TestInvoker.invokeMethod(TestInvoker.java:597)
at org.testng.internal.TestInvoker.invokeTestMethod(TestInvoker.java:173)
at org.testng.internal.MethodRunner.runInSequence(MethodRunner.java:46)
at org.testng.internal.TestInvoker$MethodInvocationAgent.invoke(TestInvoker.java:816)
at org.testng.internal.TestInvoker.invokeTestMethods(TestInvoker.java:146)
at org.testng.internal.TestMethodWorker.invokeTestMethods(TestMethodWorker.java:146)
at org.testng.internal.TestMethodWorker.run(TestMethodWorker.java:128)
at java.base/java.util.ArrayList.forEach(ArrayList.java:1511)
at org.testng.TestRunner.privateRun(TestRunner.java:766)
at org.testng.TestRunner.run(TestRunner.java:587)
at org.testng.SuiteRunner.runTest(SuiteRunner.java:384)
at org.testng.SuiteRunner.runSequentially(SuiteRunner.java:378)
at org.testng.SuiteRunner.privateRun(SuiteRunner.java:337)
at org.testng.SuiteRunner.run(SuiteRunner.java:286)
at org.testng.SuiteRunnerWorker.runSuite(SuiteRunnerWorker.java:53)
at org.testng.SuiteRunnerWorker.run(SuiteRunnerWorker.java:96)
at org.testng.TestNG.runSuitesSequentially(TestNG.java:1187)
at org.testng.TestNG.runSuitesLocally(TestNG.java:1109)
at org.testng.TestNG.runSuites(TestNG.java:1039)
at org.testng.TestNG.run(TestNG.java:1007)
at org.testng.remote.AbstractRemoteTestNG.run(AbstractRemoteTestNG.java:115)
at org.testng.remote.RemoteTestNG.initAndRun(RemoteTestNG.java:251)
at org.testng.remote.RemoteTestNG.main(RemoteTestNG.java:77)
]]>
            </full-stacktrace>
          </exception> <!-- java.lang.AssertionError -->
          <reporter-output>
          </reporter-output>
        </test-method> <!-- ValidatePageTitle -->
        <test-method signature="verifyCmUpLogo()[pri:3, instance:loginpageTest.LandingPageTest@942a29c]" started-at="2023-06-21T17:26:12 IST" name="verifyCmUpLogo" finished-at="2023-06-21T17:26:12 IST" duration-ms="233" status="PASS">
          <reporter-output>
          </reporter-output>
        </test-method> <!-- verifyCmUpLogo -->
        <test-method signature="verifyGovtLogoIsdisplay()[pri:4, instance:loginpageTest.LandingPageTest@942a29c]" started-at="2023-06-21T17:26:12 IST" name="verifyGovtLogoIsdisplay" finished-at="2023-06-21T17:26:12 IST" duration-ms="472" status="PASS">
          <reporter-output>
          </reporter-output>
        </test-method> <!-- verifyGovtLogoIsdisplay -->
        <test-method signature="familyIdImage()[pri:5, instance:loginpageTest.LandingPageTest@942a29c]" started-at="2023-06-21T17:26:12 IST" name="familyIdImage" finished-at="2023-06-21T17:26:13 IST" duration-ms="143" status="PASS">
          <reporter-output>
          </reporter-output>
        </test-method> <!-- familyIdImage -->
        <test-method is-config="true" signature="closesession()[pri:0, instance:loginpageTest.LandingPageTest@942a29c]" started-at="2023-06-21T17:26:13 IST" name="closesession" finished-at="2023-06-21T17:26:13 IST" duration-ms="299" status="PASS">
          <reporter-output>
          </reporter-output>
        </test-method> <!-- closesession -->
      </class> <!-- loginpageTest.LandingPageTest -->
    </test> <!-- Test -->
  </suite> <!-- Test Suite -->
</testng-results>
